Removed Pin From Net: NetName=NetJ1_1 Pin=J1-1
Removed Pin From Net: NetName=NetJ1_2 Pin=J1-2
Removed Pin From Net: NetName=NetJ2_1 Pin=J2-1
Removed Pin From Net: NetName=NetJ2_2 Pin=J2-2
Removed Pin From Net: NetName=NetJ3_1 Pin=J3-1
Removed Pin From Net: NetName=NetJ3_2 Pin=J3-2
Removed Pin From Net: NetName=NetJ4_1 Pin=J4-1
Removed Pin From Net: NetName=NetJ4_2 Pin=J4-2
Removed Pin From Net: NetName=NetJ5_1 Pin=J5-1
Removed Pin From Net: NetName=NetJ5_2 Pin=J5-2
Removed Pin From Net: NetName=NetJ6_1 Pin=J6-1
Removed Pin From Net: NetName=NetJ6_2 Pin=J6-2
Removed Pin From Net: NetName=NetJ7_2 Pin=J7-2
Removed Pin From Net: NetName=NetJ8_1 Pin=J8-1
Removed Pin From Net: NetName=+5 Pin=J9-1
Removed Pin From Net: NetName=GND Pin=J9-3
Removed Pin From Net: NetName=+5 Pin=J9-4
Removed Pin From Net: NetName=DISCHARGE_EN Pin=J9-5
Removed Pin From Net: NetName=GND Pin=J9-6
Removed Pin From Net: NetName=GND Pin=J10-1
Removed Pin From Net: NetName=GND Pin=J10-2
Removed Pin From Net: NetName=GND Pin=J10-3
Removed Pin From Net: NetName=GND Pin=J10-4
Removed Pin From Net: NetName=GND Pin=J10-5
Removed Member From Class: ClassName=BMS Slave Device R1.5 Member=J7
Removed Member From Class: ClassName=BMS Slave Device R1.5 Member=J8
Removed Member From Class: ClassName=BMS Slave Device R1.5 Member=J9
Removed Member From Class: ClassName=BMS Slave Device R1.5 Member=J10
Removed Member From Class: ClassName=BMS Slave Device R1.5 Member=J11
Removed Member From Class: ClassName=BMS Slave Device R1.5 Member=J12
Change Component Footprint: Designator=J2 Old Footprint=B2BXH2LFSN New Footprint=HDR1X7
Change Component Footprint: Designator=J1 Old Footprint=B2BXH2LFSN New Footprint=HDR1X8
Change Component Footprint: Designator=J3 Old Footprint=B2BXH2LFSN New Footprint=HDR2X3_CEN
Change Component Footprint: Designator=J4 Old Footprint=B2BXH2LFSN New Footprint=HDR2X5_CEN
Change Component Comment : Designator=J3 Old Comment=B2B-XH-2__LF__SN_ New Comment=
Change Component Comment : Designator=J1 Old Comment=B2B-XH-2__LF__SN_ New Comment=Header 8
Change Component Comment : Designator=J2 Old Comment=B2B-XH-2__LF__SN_ New Comment=ODD CELLS
Change Component Comment : Designator=J4 Old Comment=B2B-XH-2__LF__SN_ New Comment=THERMISTORS
Change Component Designator: OldDesignator=J11 NewDesignator=J5
Change Component Designator: OldDesignator=J12 NewDesignator=J6
Change component parameters: Designator = "J1" ("J1"); Footprint = "B2BXH2LFSN"; UniqueID = "\WBDIVDLP" ("\WBDIVDLP")
Change component parameters (AddParameter): Name = "LatestRevisionDate"; Value = "17-Jul-2002"; VariantName = "[No Variations]"
Change component parameters (AddParameter): Name = "LatestRevisionNote"; Value = "Re-released for DXP Platform."; VariantName = "[No Variations]"
Change component parameters (AddParameter): Name = "Publisher"; Value = "Altium Limited"; VariantName = "[No Variations]"
Change component parameters: Designator = "J2" ("J2"); Footprint = "B2BXH2LFSN"; UniqueID = "\XSAIIYGH" ("\XSAIIYGH")
Change component parameters (AddParameter): Name = "LatestRevisionDate"; Value = "17-Jul-2002"; VariantName = "[No Variations]"
Change component parameters (AddParameter): Name = "LatestRevisionNote"; Value = "Re-released for DXP Platform."; VariantName = "[No Variations]"
Change component parameters (AddParameter): Name = "Publisher"; Value = "Altium Limited"; VariantName = "[No Variations]"
Change component parameters: Designator = "J3" ("J3"); Footprint = "B2BXH2LFSN"; UniqueID = "\DKZFZDHO" ("\DKZFZDHO")
Change component parameters (AddParameter): Name = "LatestRevisionDate"; Value = "17-Jul-2002"; VariantName = "[No Variations]"
Change component parameters (AddParameter): Name = "LatestRevisionNote"; Value = "Re-released for DXP Platform."; VariantName = "[No Variations]"
Change component parameters (AddParameter): Name = "Publisher"; Value = "Altium Limited"; VariantName = "[No Variations]"
Change component parameters: Designator = "J4" ("J4"); Footprint = "B2BXH2LFSN"; UniqueID = "\SIJBIION" ("\SIJBIION")
Change component parameters (AddParameter): Name = "LatestRevisionDate"; Value = "17-Jul-2002"; VariantName = "[No Variations]"
Change component parameters (AddParameter): Name = "LatestRevisionNote"; Value = "Re-released for DXP Platform."; VariantName = "[No Variations]"
Change component parameters (AddParameter): Name = "Publisher"; Value = "Altium Limited"; VariantName = "[No Variations]"
Added Pin To Net: NetName=NetJ7_2 Pin=J1-2
Added Pin To Net: NetName=NetJ5_1 Pin=J1-3
Added Pin To Net: NetName=NetJ5_2 Pin=J1-4
Added Pin To Net: NetName=NetJ3_1 Pin=J1-5
Added Pin To Net: NetName=NetJ3_2 Pin=J1-6
Added Pin To Net: NetName=NetJ1_1 Pin=J1-7
Added Pin To Net: NetName=NetJ1_2 Pin=J1-8
Added Pin To Net: NetName=NetJ8_1 Pin=J2-1
Added Pin To Net: NetName=NetJ6_2 Pin=J2-2
Added Pin To Net: NetName=NetJ6_1 Pin=J2-3
Added Pin To Net: NetName=NetJ4_2 Pin=J2-4
Added Pin To Net: NetName=NetJ4_1 Pin=J2-5
Added Pin To Net: NetName=NetJ2_2 Pin=J2-6
Added Pin To Net: NetName=NetJ2_1 Pin=J2-7
Added Pin To Net: NetName=+5 Pin=J3-1
Added Pin To Net: NetName=GND Pin=J3-3
Added Pin To Net: NetName=+5 Pin=J3-4
Added Pin To Net: NetName=DISCHARGE_EN Pin=J3-5
Added Pin To Net: NetName=GND Pin=J3-6
Added Pin To Net: NetName=GND Pin=J4-1
Added Pin To Net: NetName=GND Pin=J4-2
Added Pin To Net: NetName=GND Pin=J4-3
Added Pin To Net: NetName=GND Pin=J4-4
Added Pin To Net: NetName=GND Pin=J4-5
Change Net Name : Old Net Name=NetJ1_1 New Net Name=NetJ1_7
Change Net Name : Old Net Name=NetJ1_2 New Net Name=NetJ1_8
Change Net Name : Old Net Name=NetJ2_1 New Net Name=NetJ2_7
Change Net Name : Old Net Name=NetJ2_2 New Net Name=NetJ2_6
Change Net Name : Old Net Name=NetJ3_1 New Net Name=NetJ1_5
Change Net Name : Old Net Name=NetJ3_2 New Net Name=NetJ1_6
Change Net Name : Old Net Name=NetJ4_1 New Net Name=NetJ2_5
Change Net Name : Old Net Name=NetJ4_2 New Net Name=NetJ2_4
Change Net Name : Old Net Name=NetJ5_1 New Net Name=NetJ1_3
Change Net Name : Old Net Name=NetJ5_2 New Net Name=NetJ1_4
Change Net Name : Old Net Name=NetJ6_1 New Net Name=NetJ2_3
Change Net Name : Old Net Name=NetJ6_2 New Net Name=NetJ2_2
Change Net Name : Old Net Name=NetJ7_2 New Net Name=NetJ1_2
Change Net Name : Old Net Name=NetJ8_1 New Net Name=NetJ2_1
Change Net Name : Old Net Name=NetJ11_1 New Net Name=NetJ5_1
Change Net Name : Old Net Name=NetJ11_2 New Net Name=NetJ5_2
Change Net Name : Old Net Name=NetJ12_1 New Net Name=NetJ6_1
Change Net Name : Old Net Name=NetJ12_2 New Net Name=NetJ6_2
Added Pin To Net: NetName=NetJ1_1 Pin=J1-1
Added Pin To Net: NetName=NetJ1_1 Pin=R2-2
Added Net: Name=NetJ1_1
Added Pin To Net: NetName=NetJ3_2 Pin=J3-2
Added Pin To Net: NetName=NetJ3_2 Pin=U1-56
Added Net: Name=NetJ3_2
Added Pin To Net: NetName=NetJ4_6 Pin=J4-6
Added Pin To Net: NetName=NetJ4_6 Pin=R4-1
Added Pin To Net: NetName=NetJ4_6 Pin=U1-39
Added Net: Name=NetJ4_6
Added Pin To Net: NetName=NetJ4_7 Pin=J4-7
Added Pin To Net: NetName=NetJ4_7 Pin=RN1-1
Added Pin To Net: NetName=NetJ4_7 Pin=U1-40
Added Net: Name=NetJ4_7
Added Pin To Net: NetName=NetJ4_8 Pin=J4-8
Added Pin To Net: NetName=NetJ4_8 Pin=RN1-2
Added Pin To Net: NetName=NetJ4_8 Pin=U1-41
Added Net: Name=NetJ4_8
Added Pin To Net: NetName=NetJ4_9 Pin=J4-9
Added Pin To Net: NetName=NetJ4_9 Pin=RN1-3
Added Pin To Net: NetName=NetJ4_9 Pin=U1-42
Added Net: Name=NetJ4_9
Added Pin To Net: NetName=NetJ4_10 Pin=J4-10
Added Pin To Net: NetName=NetJ4_10 Pin=RN1-4
Added Pin To Net: NetName=NetJ4_10 Pin=U1-43
Added Net: Name=NetJ4_10
